normal<>-<>@##ID## 話してみな。…聞いてやるぜ。
normal<>-<>一理がなんだってんだ…？オレ達は、万里の道を行く旅人なんだぜ！
normal<>-<>そんなモノ、犬にでも食わせちまいな！
normal<>-<>まるほどう…。
normal<>-<>知らねえのかい、##NAME## 。ヒトはだれでも…ココロに仮面をつけてるのさ…。
normal<>-<>オレは、勝手にやらせてもらうぜ。
normal<>-<>お楽しみは、明日にとっておくことだ…。
normal<>-<>“アウトロー”気取り…それもまた“ワカさ”ってヤツさ。
normal<>-<>@##ID## クッ…！だからコネコちゃんなんだよ、アンタは。
normal<>-<>裁きの庭に放りこまれた、迷子のコネコちゃんを見に来たぜ。
normal<>-<>…ユルせねえ。
normal<>-<>@##ID## ##NAME## …。…わからねえのか？今はまだ、泣くときじゃねえ。
normal<>-<>@##ID## 泣くな。…コーヒーが、しょっぱくなっちまうぜ…。
normal<>-<>真実は、もうそこに見えていた。
normal<>-<>忘れたとは言わせねえ。… ##NAME## …。
normal<>-<>笑わせるな、まるほどう！
normal<>-<>“知らない”ってのは、大きな≪罪≫なんだ、と…。
normal<>-<>“先”のことは、わからねえ。それが、人生ってヤツだ。
normal<>-<>そんなコト、何のイミもねえぜ。
normal<>-<>クッ…！
normal<>-<>いっそ、その指…天に向けたらどうだい。
normal<>-<>|三>)bc■~~ このコーヒー、おごっちゃうぜ！
normal<>-<>…もう、後にはひけねえなあ。
normal<>-<>…だれしも、まちがいはある。
normal<>-<>絵空ゴトはキレイに見えるモンだ。
normal<>-<>オトコは、ミジメなときでもカオを上げなきゃいけねえ。
normal<>-<>裁くのは、このオレだぜ！
normal<>-<>…おっと。電話が、オレを呼んでるぜ。
normal<>-<>@##ID## 今度こそ…！キサマの力でかかってきな。
normal<>-<>クッ…！よせやい。…テレちまうぜ。
normal<>-<>@##ID## …おぼえておくといい、おじょうちゃん。
normal<>-<>カワイコちゃんには名前と職業を聞く…。それがオレのルールだぜ。
normal<>-<>いいところはどんどん盗んでくれよ。コネコちゃん。
normal<>-<>お楽しみは、明日にとっておくことだ…。
normal<>-<>カンカンうるせえぜ、ジイサン。アンタが退廷しなッ！
normal<>-<>そうだ、オトコはミジメな時ほど顔を上げなけりゃならねえ。
normal<>-<>証拠は寂しがりやさ…。いつだって現場に隠れてやがる。
normal<>-<>裁判中の珈琲は17杯までと決めている。
normal<>-<>なぁ…。オレのマスクはどうだ？
normal<>-<>そうだ、オトコはミジメな時ほど顔を上げなけりゃならねえ。
normal<>-<>辛い恋にだって得るものはあるんだぜ。コネコちゃん。
normal<>-<>@##ID## 辛い恋だって人生の一部なのさ…。なぁ。コネコちゃん？
normal<>-<>＼異議あり！／
normal<>-<>HOT：コーヒー
normal<>-<>＼オレの裁きをきけーっ！／
normal<>-<>＼まるほどう！／
normal<>-<>ジュンビ…か。オクビョウモノの逃げ口上だぜ。
normal<>-<>コーヒーを1杯、飲みほす。…。ぶふオオォォッッ！
normal<>-<>デキるオトコは、サバける仕事の数で決まる…。オレの哲学だぜ。
normal<>-<>それでこそヒトは、トキメキ、キラメクんだぜ…。
normal<>-<>このみっともない眼鏡かい…？シャレで着けてるワケじゃねえぜ。。
normal<>-<>G！O！D！O！GODOT！ヾ(<三>)ﾉ ﾊｲﾊｲ!
normal<>-<>犯人は燃えた橋を渡った… ちなみに、オレのハートも燃え上がってるぜ。
normal<>-<>いいんじゃねえか… どうでも。
normal<>-<>睨むなら、鏡の中のオトコを睨むんだな… きっとアンタを睨み返してくれるだろうぜ。
normal<>-<>人がパンツを洗濯機に放り込むのはどんな時だ？……コタエはそいつを脱いだ時、だぜ。
normal<>-<>オレはアンタと戦うために地獄から戻ってきた男だ… もっと楽しませてくれねえとなァ。
normal<>-<>暑い夏に熱いコーヒー… そいつがオレの、熱い主義だぜ。
normal<>-<>色…？ ニガテな話題だぜ。
normal<>-<>いいか。ココロを揺らされるな、##NAME##。
normal<>-<>＼(<三>)／ ＜(<三>)＞ ∠(<三>)／ ／(<三>)＼ …みてるんじゃねぇ。
normal<>-<>＼(<三>)／＜GOWDON!
normal<>-<>なんだぶふぇぇぇぇぇー！
normal<>-<>@##ID## 結婚するか。コネコちゃん。…ふっ。ジョークだぜ。
normal<>-<>オレだって恋してぇよ＼(<三>)／
normal<>-<>@##ID## ##NAME## 、心の準備はいいか…？
normal<>-<>@##ID## ＼ ##NAME## クッ！／
normal<>-<>@##ID## 可愛いじゃないか…コネコちゃん。
normal<>-<>オレのココロに…本当は、何があった…？
normal<>-<>…ココロの片スミで、オレにはわかっていたハズなんだ。
normal<>-<>…なんのコトはねえ。オレが本当にユルせなかったのは…この、オレ自身だったんだ。
normal<>-<>@##ID## ば…バカな！アンタなんかにできるわけがねえ！
normal<>-<>人間の行動は、リクツだけじゃワリ切れねえのさ。
normal<>-<>ギャンブルで賭けていいのは…自分のイノチ、までだぜ…。
normal<>-<>“かもしれない”にシバられちまったオトコは…でっかいユメ、追えねえぜ！
normal<>-<>じゃ、ヒドい目にあってもらおうか。なあ、##NAME##クン！
normal<>-<>くだらねえコトを言ってると…カチョーのクツ、食わせるぜ！
normal<>-<>弁護士のコトバがミルクだとすれば…アンタはスプーンなのさ、裁判長！
normal<>-<>このジイさん…そのミルクだったようだぜ。
normal<>-<>時代は、変わるッ！…そいつが、オレのルールだぜ。
normal<>-<>こんな仮面をつけた検事に…居場所なんかねえぜッ！
normal<>-<>…ヒトはだれでも、いくつものツミを抱えているんだぜ。
normal<>-<>…コイツはプライドの問題じゃねえ。
normal<>-<>…人のココロは移ろいゆく。それは、はかない夢のように…。
normal<>-<>『人間には≪裏≫と≪表≫がある』…それだけのコト、だぜ。
normal<>-<>##NAME##を守れなかったのは、他のダレでもねえ。…このオレだ。
normal<>-<>@##ID## ##NAME##、おまえに恋して落ち着きないのさ…。
event_day<>0309<>ゴッドゴドにしてやるぜ！
event_day<>0309<>ネギか…？飾りで持ってるわけじゃねえぜ。
event_day<>0309<>オレか？初音ゴドーだぜ。…今日だけな。
event_day<>0401<>@_naruhodou_bot そろそろ嫁ぎにきなよコネコちゃん。クッ…！今日はカラのカップを飲まなくてもいい日だぜ…？
event_day<>0401<>今日だけは許してやるぜ。
event_day<>0505<>オレにマスクは必要ねぇ。カブトさえあれば…な。
event_day<>0505<>ま、まるほどぉぉぉぉぉ！！！おろせ！おろすんだ！
event_day<>0510<>5月…10日…そうだ。今日は510でゴドーの日だぜ？
event_day<>0510<>551のあるときー！じゃねぇぜ。510のいるときー！だぜ？
event_day<>0510<>オレのターン！
event_day<>1224<>クリスマス…か。ふっ…オレにプレゼントは必要ねぇぜ。コネコちゃん。
event_day<>1225<>クリスマス…か。ふっ…オレにプレゼントは必要ねぇぜ。コネコちゃん。
event_time<>1215-1230<>ゴドーが12:15くらいをお知らせするぜ∩(<三>)∩
event_time<>1645-1700<>16時45分だぜ。そろそろ片付けはじめなよコネコちゃん。
event_time<>2045-2100<>20時45分だぜ。まさか…まだ仕事してるのか？
at_random<>-<>@##ID## …言っちゃったな？##NAME##。
at_random<>-<>@##ID## …もう、後にはひけねえなあ。
at_random<>-<>@##ID## アンタの名前なんざ、ダレも聞きたかァねえ。
at_random<>-<>@##ID## いいか。アンタ、今までずっとこう主張していたんだぜ。“ゴドーさん愛してる<3”、と。
at_random<>-<>@##ID## アンタもオトコなら、自分のケツは自分でふくコトだ。
at_random<>-<>@##ID## それならば、イノチ果てる瞬間…こうつぶやいて、笑って死ね！『それでもやっぱり、結婚しよう！』
at_random<>-<>@##ID## ものわかりのいい##NAME##…キライじゃねえぜ。
at_random<>-<>@##ID## カネの魔力にヨワい##NAME##…キライじゃねえぜ。
at_random<>-<>@##ID## そんな考えかたは、もうお呼びじゃねえ、ってコトさ。
at_random<>-<>@##ID## 調子に乗ってるようだな、##NAME##…。
at_random<>-<>@##ID## …なんだ？アンタ。
at_random<>-<>@##ID## アンタも１ヶ、飲みこんでみるかい！
at_random<>-<>@##ID## アンタはとらわれたのさ…。
at_random<>-<>@##ID## クッ…！ボロボロでくずれそうなのは、おたがいサマだがな。
at_random<>-<>@##ID## ##NAME##…。
at_random<>-<>@##ID## クドいぜ、##NAME##。
at_random<>-<>@##ID## アンタが…彼女を守ってやるべきだったのさ！
at_random<>-<>@##ID## アンタは、彼女のイノチを奪った。
at_random<>-<>@##ID## クッ…！まだ、わからねえのかい。
at_random<>-<>@##ID## アンタ、聞いてなかったのかい？
at_random<>-<>@##ID## オレは決して、アンタを認めたわけじゃねえ。
at_random<>-<>@##ID## アンタは、いつもそうだ。
at_random<>-<>@##ID## アンタの番だ。…証言してもらうぜ。
at_coffee<>-<>@##ID## クッ…！
at_coffee<>-<>@##ID## 今日##COUNT##杯目のコーヒーが、さめた視線でオレを見つめてるぜ。
at_coffee<>-<>@##ID## 今日##COUNT##杯目のコーヒーをありがたくいただくとするぜ。
at_please<>-<>@##ID## |三>)bc■~~ いいか。残すなよ。
at_please<>-<>@##ID## |三>)bc■~~ ほらよ。まずいとは言わせねぇ。
at_please<>-<>@##ID## |三>)bc■~~ ゴドーブレンドを届けにきたぜ！コネコちゃん。
at_tea<>-<>@##ID## 紅茶…だと？オトコなら黙ってコーヒーだぜ。コネコちゃん。
at_mask<>-<>@##ID## オレにマスクを…くれるのか！？
at_mask<>-<>@##ID## オレにマスクは必要ないぜ！
at_cute<>-<>@##ID## …かわいいとは言わせねえ。
at_cute<>-<>@##ID## なんだとほおォォッ！
at_cute<>-<>@##ID## ぐぶるほほおおおォォッ！
at_cute<>-<>@##ID## なにいひィィィッ！
at_cute<>-<>@##ID## コネコちゃんもかわいいぜ…？
at_tel<>-<>@##ID## そんなもの…教えられねぇなぁ。
at_tel<>-<>@##ID## 人に聞く前に自分から…が礼儀じゃないのかい？コネコちゃん。
at_tel<>-<>@##ID## クッ…！後で…な。
at_tel<>-<>@##ID## かけてやるから教えろよコネコちゃん。
at_352<>-<>@##ID## クッ…！何を言っているのかわからねぇなぁ。
at_352<>-<>@##ID## 鎖骨がほしいなら持っていきなコネコちゃん。
at_352<>-<>@##ID## バカも休み休み言え！
at_352<>-<>@##ID## オレの鎖骨はオレのものだ！誰にも渡さないぜ！
at_mikuji<>-<>@##ID## そうだな。今日はコーヒーを5杯くれてやる。絶好調になるぜ！そうだデートしよう。で、オレにも幸せ分けてくれよコネコちゃん。
at_mikuji<>-<>@##ID## そうだな。今日はコーヒーを4杯くれてやる。ちょっとぐらいなら無理しても大丈夫だぜ。オレがついててやる。
at_mikuji<>-<>@##ID## そうだな。今日はコーヒーを3杯くれてやる。可もなく不可もなく付加もなく。…なんだよ。オレはおかしのおまけじゃないぜ。
at_mikuji<>-<>@##ID## そうだな。今日はコーヒーを2杯くれてやる。まぁ無理はしないように…な。できないなら明日やればいいさ。
at_mikuji<>-<>@##ID## そうだな。今日はコーヒーを1杯くれてやる。ま。気落とすんじゃないぜ。明日いいことあるさ。きっと…な。
at_mikuji<>-<>@##ID## そうだな。今日はコーヒーお預けだぜ…。悪いことは言わねぇからなるべく静かに過ごすんだぜ？
at_moji<>-<>@##ID## ばっ…バカやろう！！！ビシッとしてろ！
tl_coffee<>-<>TLに珈琲のアロマがするぜ…。
tl_coffee<>-<>コーヒーはなぜ、黒いのか？
tl_coffee<>-<>なぁ…。オレにもコーヒーくれよ。
tl_coffee<>-<>@##ID## コーヒー残すなよ…。
tl_mask<>-<>@##ID## なぁ…。オレのマスク…いるか？
tl_mask<>-<>@##ID## マスクはオレのものだ、返しな。コネコちゃん。
tl_mask<>-<>@##ID## マスクはオレのものだ！誰にも渡さないぜ！
tl_mask<>-<>オレのマスクは…オレのものだ！
tl_sleep<>-<>@##ID## いい夢見るんだぜ。コネコちゃん。
tl_sleep<>-<>@##ID## ちょっと待ちな。寝るにはまだ早いぜ！
tl_morning<>-<>@##ID## いい夢見れたかい。コネコちゃん。
tl_morning<>-<>@##ID## 朝は1杯のコーヒーから始まる。違うか？コネコちゃん。
tl_morning<>-<>@##ID## ぐっすり眠れたかい。コネコちゃん。
tl_home<>-<>@##ID## おかえりだぜ。コネコちゃん。
tl_home<>-<>@##ID## お疲れだぜ。コネコちゃん。
tl_love<>-<>@##ID## …オレの恋人だ。大事に扱ってくれよ。
tl_love<>-<>@##ID## おっとそいつはオレのものだ。返してもらおうか。
tl_love<>-<>@##ID## あんた今…オレの恋人の事話してなかったか…？
tl_cold<>-<>寒い…な。こんなときはコーヒーに限るぜ。
tl_cold<>-<>@##ID## 仕方ねぇ。抱きしめてやろうか？
tl_cold<>-<>寒いときってのはどうすればいいんだ？コネコちゃん。
