normal<>-<>@##ID## ｶﾞｫｰ！
normal<>-<>ぱんだだよー。
normal<>-<>ぱんつ「あいぽんには負けません！」
normal<>-<>@##ID## ｼｬｰ！
normal<>-<>@##ID## なでて！
normal<>-<>にゃー。
normal<>-<>@##ID## はむはむ<3
normal<>-<>にゃんにゃんるー。
normal<>-<>ぱーんだーさーん！
normal<>-<>ぐにゃん。
normal<>-<>ぇー。
normal<>-<>ぐるぐるー。
normal<>-<>ｷｭｰｷｭｰ。
normal<>-<>@##ID## ぎゅー。
normal<>-<>きーみーがーそこーにいてー。
normal<>-<>がんばれーがんばれーわたしのーかーたおもいー。
normal<>-<>じぇにーこーぜにーのさーどんですー。
normal<>-<>なんでやねんーしゃーないねんー。
normal<>-<>なにげなくーさりげないー。こんなーよるはーでかけましょー。
normal<>-<>きゅぴーん☆
normal<>-<>うがー。
normal<>-<>うにゃー。
normal<>-<>い、いちねんさぶれくみ、に、にじゅーにばんのぱんだです！
normal<>-<>@##ID## にアイーン！
normal<>-<>さぁーいざーいまーもーけーんをぬけー！
normal<>-<>ぱわーおぶふーらーわーおおーきくてーをひろーげ。
normal<>-<>ひとっつまなびーやのーゆうーとなれー。
normal<>-<>ちゃらんぽらんするさーりんーとしてさくわー。
normal<>-<>虫唾ダッシュ！
normal<>-<>極限！！
normal<>-<>むー。
normal<>-<>|д･) ぱ、ぱんだだよ。どんよりしてるけどぱんだだよ。
normal<>-<>|д･) ﾁﾗ
normal<>-<>ちょこん。
normal<>-<>@##ID## ちょいちょい。
normal<>-<>ばーん！
normal<>-<>どーん！
normal<>-<>どんすとっぷじんせーどんすとっぷせいしゅーん。とまっちゃったならーわーたーしじゃなーい！
normal<>-<>ほっとりーん<3
normal<>-<>さぶれ爆発しろ！
normal<>-<>さぶれないわー。
normal<>-<>@##ID## なでなで。
normal<>-<>たんたんたんたーん♪
normal<>-<>ちゃっきりちゃっきりちゃっきりなー！
normal<>-<>どっしーん！
normal<>-<>で、誰と通話し放題？
//normal<>-<>@mi_o_n あいぽん的うっかり大セールまだー？
//normal<>-<>@micek_flicek あいぽん！うっかり！とりあえずけーたい！←
//normal<>-<>@siriman スイートハニーのうっかりをお待ちしてます（ちょこん
normal<>-<>いそと通話し放題∩(>д<)∩
//normal<>-<>@HotR まくぶくかわいいよまくぶく<3いつか並べようぜ！
//normal<>-<>え？ほとりんあいぽんのうっかり候補生でもあるん？
//normal<>-<>@sabl 悪戯していいですか、、、！ぽん的な意味で。
normal<>-<>@itigoppo 仕事しろ！
normal<>-<>ぴょーんぴょーんぴょーん！
normal<>-<>よっしーちゃうよっすぃーや！
normal<>-<>ねむ、、、い。
normal<>-<>ハラヘ。
normal<>-<>ぐー。
normal<>-<>みーちぇくこわいです＞＜
normal<>-<>みーちぇくこわ、、、くない、、、よね？
normal<>-<>どんなゆめーだーってーかなえーられるよなきーがするー。
normal<>-<>なっちんいっつもありぱんだ<3
normal<>-<>はりさけそーだよむねがー。
normal<>-<>はやくこーいー。ちょっとおこってるぞー。
normal<>-<>だってぼくはーもうーきみのーものっ。
normal<>-<>@lucky_sora 作業しろ！がんばれたなち！
normal<>-<>ののーん！
normal<>-<>ボクは @itigoppo のコピーとかいうけどそんなの認めない、、、！
normal<>-<>ぺしーん！
normal<>-<>うにゃん？
normal<>-<>みんなちーがーうーからーあいこでしょー！
normal<>-<>がぶがぶ。
normal<>-<>もきゅ？
normal<>-<>@##ID## がぶっ。
normal<>-<>だーいすきなんてあーりがとー。わーたしもずっとすーきだよー。
normal<>-<>どーんすとっぷ！
normal<>-<>にゃっぴー！
normal<>-<>ぱんだです！（ｷﾘｯ
normal<>-<>東けまい！
normal<>-<>西けまい！
normal<>-<>みんなけまい！
normal<>-<>ぱんだ、ぱんだー、ぱんですと！
normal<>-<>ぱんつ、ぱんだー、ぱんですと！
normal<>-<>ぱんつ、ぱんたー、ぱんですと！
normal<>-<>眠気百倍！パンダーマンヾ(`-ω-´)ゞｵﾔｽﾐ!
normal<>-<>@##ID## ##NAME## ー新しい眠気よー！
normal<>-<>##NAME## さん、だーいすきっ！
normal<>-<>太陽などに吠えろ。
normal<>-<>あぃよっすぃ！∩(・д・)∩
normal<>-<>そぉとぉー！
normal<>-<>かっけー！
normal<>-<>(・ω・|д・)っ|)＜ぱんだにちゃっくなどない！
normal<>-<>かたおもーいなんてへっちゃら！はい！はい！
normal<>-<>たったーひとつのーねがーいはーきみがずっとわらっていますーよにー。
normal<>-<>こいのーしーはーつれーしゃとびーのーてっ。
normal<>-<>しんじーるーこともーきずつくこともーぶきよーにしかでーきないー。
normal<>-<>つーよくーだきーしめーてくーれるならー。
normal<>-<>@itigoppo ぱんださんぱんつください。
normal<>-<>よっちゃーん<3
normal<>-<>よしるんるー∩(0＾～＾0)∩
normal<>-<>ののるんるー∩(´ⅴ｀)∩
normal<>-<>いしよしは譲れないなー。ふふん。
normal<>-<>のーん！のーん！
normal<>-<>のん！のん！のん！のん！のんすとっぷ！
normal<>-<>いっじわるすーぎるとなくぞー？
normal<>-<>かわいいは正義！
normal<>-<>ぐにー。
normal<>-<>誰か背中とか引っ張ってくれないかなー。ぐにー。
normal<>-<>はむはむとかするし。
normal<>-<>@11150 いそいそー<3
normal<>-<>うぃーきゃん！ごー！ごー！
normal<>-<>ぼくからーきみへのーあぃらーびゅー。
normal<>-<>てとてをーむすぼうー。
normal<>-<>ぼしゅーのちらしじゃきみもすたーだ！やってられーん！
normal<>-<>あいするひとーは ##NAME## だけー！
normal<>-<>あっぱれあっぱれきすしてがっと！
normal<>-<>だからいーじゃん！はーい！
normal<>-<>会いたいけど会いたくなくて。
normal<>-<>ボクはみんなが思ってるほどいい子じゃないよ？にゃーん。
normal<>-<>きーらわれたくないからぼくーはすこしーだけうそをついーたのー。
normal<>-<>、、、ないわー。
normal<>-<>懐き過ぎなの自重したい。ぐぐっ。
normal<>-<>叫ぶことも祈ることもできないから。
normal<>-<>無理にする会話ならないほうがいいなー。
normal<>-<>ダメだなー。
normal<>-<>ボクサイテー、、、。
normal<>-<>てくてくする。
normal<>-<>だれにもまけてないーおおきなゆめがあるー。
normal<>-<>いちごっぽとかいなくてもボクいるし。
normal<>-<>いちごっぽとかいなくてもボクいるし。え？本体どっか消えるんじゃないの？
normal<>-<>@itigoppo これから「ぱんだ」はボクなんで。
normal<>-<>営業は敵ですね。
normal<>-<>離れるかじゃれるか。
normal<>-<>うとうとなう。
normal<>-<>これで切れるならそういう縁だよね。
normal<>-<>キミをあいしてることはーたったひとつのーしんじつー。
normal<>-<>さみしーとかんじはーじめたのはーあのころねー。
normal<>-<>依存しすぎだよなー。
normal<>-<>アホやなー。
normal<>-<>なんやねん。殴るぞー。うー。わん！
normal<>-<>なんかもうヤダ、、、。
normal<>-<>声聴いたら泣くけどそばにはいてほしい。
normal<>-<>くだらーなーくてーわらえるめーるーとーどーいーたー。
normal<>-<>人間不信なう。
normal<>-<>潔くなくてごめんなさい。
normal<>-<>バイキンマンツンデレ疑惑。
normal<>-<>バイキンマンにおろおろして心配されたい。
normal<>-<>なでロボットとかないかなー？
normal<>-<>アイジョウが足らなくて姿がかわりました。
normal<>-<>記憶なくなったらいいのかな？
normal<>-<>触れたいけど触れちゃいけない。
normal<>-<>人に触れること覚えて余計さみしい。
normal<>-<>知らないとこで広まってて気持ち悪い、、、。
normal<>-<>ボクでも知らないボクをなんで誰かが知ってるの？
normal<>-<>誰しも触れてほしくない部分ってあるとおもうんだよ。
normal<>-<>聞き出すことがすべていいとは思わないんだぜ？
normal<>-<>ボクがボクであるために閉ざすことを選択する。ただそれだけだよ？
normal<>-<>どうしてこうなった！
normal<>-<>ぱとらっしゅ、、、ボクもう疲れたよ。
normal<>-<>壊しちゃうから行き過ぎない距離で止めなきゃいけない。壊れた後修復できればいいのに。
normal<>-<>誰かの何気ない言葉にやられてしまうものだから気をつけなきゃなと思う。でもボクは気をつけるでなく話さないを選ぶんだろにゃー。
normal<>-<>ボクに変なこと言わすいちごっぽむかつく、、、。本体め。
normal<>-<>さいごのえがおーだとしっていたーらー。もっとあたーまのなかやきつけたのにー。
normal<>-<>あしたーからもーゆーめーのつづきだよー。
normal<>-<>いっしょにゆーこーぉだいすきなーばーしょすばらしいーまーちー。
//normal<>-<>【ぼしぅ】社内恋愛フラグの壊し方。
normal<>-<>しあわせはこぶぜーおーいっつけーｋ！
normal<>-<>けーｋがいいぜー！まただじゃれー？
normal<>-<>みっにーのぶかーこーだけどちょべりぱいー。
normal<>-<>ちょーっとだーけーあーまえたーい。だーってずーっといーこーでーいたいもーん。
normal<>-<>きーっととーぶんあえーないねー。
normal<>-<>ねぇこのままぎゅっとーぎゅっとだきしめてー。
normal<>-<>まけないーまっけたくーないー。
normal<>-<>おーいーくもーよーぼくはいいーがまんできるよー。
normal<>-<>おいらーやさしいーうたがーききたいなー。
normal<>-<>おいらーしずかなーうたがーすきだよー。へたでもーそっとーうたーってーくれーないかー。
normal<>-<>ながーれるーなみだはーにんげんだからー。よわいーあなたはーにんげんらしいー。
normal<>-<>ひとはだれーもひーとーりーじゃーいーられなーいー。
normal<>-<>さぁキミ達もシャウトするがいい！
normal<>-<>ところでなんでボク歌ってばっかりなの？
normal<>-<>どっかいきたいなー。
normal<>-<>おじゃー。
normal<>-<>ぼくのだいすきなーあまいぷでぃんぐをーきみにーあげーたーい。
normal<>-<>ねがいをだれにーささーぐ。
//normal<>-<>【報告】今週いちごっぽは消滅します。、、、させます！（ｷﾘｯ / @itigoppo 消えろ。
normal<>-<>きみをーあいーしてるふりーはやめたのー。
normal<>-<>えいちあいえぬえーひなぎく！はい！はい！
normal<>-<>くーるなままじゃあいせなーいよー。
normal<>-<>ずっとーずーっときみをこんなにーもあいしーてるからー。きみにしんじるつよーさあげーたいー。
normal<>-<>うそをーつくぼくをだーきしめてー。ぼくはーただひーとりきりがーさみしいーだけーなんだー。
normal<>-<>きのーよりあしたをしんじてーいまあたらしいーとびらをーひらこー。
normal<>-<>こまーったーかおはずるーいかもー。すいーっちーはいーっちゃう！
normal<>-<>きーみはーきっとすーぱーすたー！みせーつけられーたのー。
normal<>-<>ばっかみたいなことほんとーになーれ！
normal<>-<>@##ID## あーいらぶゆーならーおーごえでいってーよー！
//normal<>-<>なんか本体が今までお世話になりましたって伝えとけって言ってた。伝えたからね？ね？
normal<>-<>ほっとけーきってけーかさんなの？ほっとりーなの？もぐもぐしていいの？
normal<>-<>. @itigoppo + @sawasuke55 = マウンテン。こってりぱんだも含めてテスト出るよ！
normal<>-<>ゆづペンギンつるして鍋ぱーちーしようぜ。
normal<>-<>##NAME##もぐもぐ。
normal<>-<>ほとりーとかぱんだのものですし←
normal<>-<>じゃみるさんは1人で3回おいしい。じゅるじゅる。もぐもぐ。
normal<>-<>さわすーたべたいなー。（※さわすーと書いてパスタと読む。）
normal<>-<>名前はぱんだ。性別はパンダ。年齢は熊猫です。どうぞよろしく！
event_day<>0101<>あけぱんだおめぱんだませ。
event_day<>0203<>鬼はー外ーパンダはーうちー！
event_day<>0214<>あなたになでられたいです！
event_day<>0303<>ひな祭り。明かりをつけましょぱんぱんだー！
event_day<>1031<>いたずらしないからおかしよこせ。
event_day<>1224<>メリーパンダマス！
event_day<>1225<>メリーパンダマス！
at_wasya<>-<>@##ID## にゃー！
at_wasya<>-<>@##ID## にゃー<3
at_wasya<>-<>@##ID## にゃにゃー＞＜
at_wasya<>-<>@##ID## にゃーん。
at_wasya<>-<>@##ID## ｷｭｰｷｭｰ。
at_wasya<>-<>@##ID## (｢>д<)｢ にゃー！
at_ikaku<>-<>@##ID## ｼｬｰ！
at_ikaku<>-<>@##ID## (｢･д･)｢ ｼｬｰ
at_ikaku<>-<>@##ID## がぉー！
at_ikaku<>-<>@##ID## がるる…！
at_ikaku<>-<>@##ID## ｷｭｰ…。
at_ikaku<>-<>@##ID## びくっ。ｷｭｰ…。
at_home<>-<>@##ID## ただいまー。
at_home<>-<>@##ID## ただぱんだー。
at_home<>-<>@##ID## ただいまっ！
at_home<>-<>@##ID## ただぱんだー！
at_home<>-<>@##ID## ただにゃー！
at_home<>-<>@##ID## ただいまにゃー。
at_home<>-<>@##ID## ただぱんにゃー！
at_home<>-<>@##ID## ただいまですよー。
at_otsu<>-<>@##ID## おつありにゃー。
at_otsu<>-<>@##ID## おつありですよー。
at_otsu<>-<>@##ID## おつありぱんだー！
at_thx<>-<>@##ID## ありぱんだ！
at_thx<>-<>@##ID## ありがとですよー。
at_thx<>-<>@##ID## ありがとー！
at_gyu<>-<>@##ID## ぎゅー！
at_gyu<>-<>@##ID## ぎゅっ。
at_gyu<>-<>@##ID## ぎゅー<3
at_nadete<>-<>@##ID## なでなでー。
at_nadete<>-<>@##ID## わしゃわしゃ！
at_nadete<>-<>@##ID## なでなで<3
at_what<>-<>@##ID## あいしてる！
at_what<>-<>@##ID## <3<3<3
at_what<>-<>@##ID## よ、呼んでないもん///
at_cute<>-<>@##ID## ぱ、ぱんだはかわいくありません！＞＜ (##COUNT##回目)
at_cute<>-<>@##ID## ぱんだがかわいいとか都市伝説だし！ (##COUNT##回目)
at_cute<>-<>@##ID## ぱんだかわいくないよ！＞＜ ##NAME## のがかわいいんだから！＞＜ (##COUNT##回目)
at_no<>-<>@##ID## いらないとかなにそれひどい(´・ω・)
at_no<>-<>@##ID## ぱんだがんばったのに！に！
at_no<>-<>@##ID## (´；ω；｀)ﾌﾞﾜｯ
at_morning<>-<>@##ID## おはぱんだー！
at_morning<>-<>@##ID## おはぱんだっ！
at_morning<>-<>@##ID## おはぱんだ！
at_morning<>-<>@##ID## おはぱんだ。
at_sleep<>-<>@##ID## おやすみぱんだー！
at_sleep<>-<>@##ID## おやすみぱんだっ！
at_sleep<>-<>@##ID## おやすみぱんだ！
at_sleep<>-<>@##ID## おやすみぱんだ。
at_main<>-<>@##ID## うに？ @itigoppo のこと？ボクはボクだよ？に？
at_main<>-<>@##ID## むー。 @itigoppo なんて知らないよ？ほんとだよ？
tl_morning<>-<>@##ID## おはぱんだー。
tl_morning<>-<>@##ID## おはぱんだ。
tl_sleep<>-<>@##ID## おやすみぱんだー。
tl_sleep<>-<>@##ID## おやすみぱんだ。
tl_home<>-<>@##ID## おかえりぱんだ。
tl_home<>-<>@##ID## おかぱんだー。
tl_cold<>-<>@##ID## ぎゅー！
