0101<>hana_<>はなさん
0101<>qutary<>
0103<>lucky_sora<>たなち
0104<>yujitan<>ゆじたん
0105<>myu65_laurant<>みゅーたん
0110<>tanakahisateru<>ヒサテルさん
0114<>yu__n<>ゆんさん
0121<>ragusk<>らーぐー！
0123<>mamemame<>まめまめさん
0125<>ruci_ruci<>るっちーん
0125<>tenku<>天空さん
0127<>Hen_na_hito<>HEN.さん
0203<>katsutaro<>
0204<>take_ni_suzume<>すずめー
0210<>kadopi<>ヌコー
0213<>skylab13<> @skylab13 爆発しろ！
0214<>taro_reds<>たろさん
0221<>kare_<>マカフシさん
0223<>yumeko<>ゆめこさん
0226<>roasea<>しぃさん
0226<>cheebow<>ちーぼーさん
0302<>a_mii<>みいさん
0311<>hetaremozu<>もずーもずもずー
0312<>gabachon<>がばちょん
0313<>dk19810313<>だいちゃん
0313<>kari_ko<>かりこさん
0314<>turu_crane<>つるさん
0323<>tistan<>おにーちゃん
0325<>poyow<>ぽーたん
0329<>ocha39<>おちやん
0330<>serisia0330<>せりしー
0401<>hayap<>りあじゅう
0408<>exB<>びーさん
0421<>rui0<>るいさん
0428<>my_walrus<>えーくん
0503<>7mine<>大食い王ー！
0505<>nekog<>ねこさん
0514<>mode_n<>かかすぃぃぃぃ！
0516<>sawasuke55<>さわすーん
0521<>kossie89<>こじーさん
0524<>satsuki_y1<>さつきさん
0525<>yuzpon<>ゆづぽん
0528<>Erl_<>えるるーん！
0530<>mokyun<>もきゅ味噌
0530<>hungpapa<>はんぐさん
0531<>kuroyuma<>ゆまさん
0606<>no_nips<>のにぷすさん
0607<>loungep<>らうぴーさん
0609<>Amakawa<>天河さん
0614<>cr_<>ちーちゃん
0618<>dolphincocoa<>ドルフィンさん
0621<>AmaiSaeta<>天井さん
0624<>aoiko<>葵子さん
0624<>f_jiro<>Fせんせー
0626<>zer0panda<>1号
0630<>avycko<>あびこさん
0703<>nujico<>ちゃっちょ
0703<>chiharu_n<>ちはる
0706<>Wing_of_Blood<>にゃぶろー
0708<>zeni_s<>ぜにすん
0711<>siriman<>いっそーいっそースイートハニー
0713<>father_POP<>とーさん
0714<>sidus<>しーだすさん
0715<>nachu<>なっちん
0715<>evil07<>けーくん
0716<>hiro_y<>
0717<>chap_py<>ちゃっぴー
0717<>a_dach<>だちおさん
0719<>murphyfox<>いーちゃん
0720<>drillbits<>あさとさん
0721<>kkkn<>ゆずたん
0721<>yuuno<>ゆーの
0724<>sio_halfmoon<>しおたん
0724<>hiro0724<>
0724<>tomo154<>ともきゅ
0735<>osakisan<>さきー
0726<>SAN_Morishi<>もりしー
0727<>kushii<>くしいさん
0727<>preprepre<>
0730<>funeko<>ふねこさん
0731<>kogetsu<>妖精さん妖精さん
0731<>softmoon<>
0801<>erinaceus<>ねっずたー。ねっずたー！
0803<>komoko<>こもこさん
0809<>mazucon<>
0810<>micek_flicek<>みーちぇくん
0817<>kiri_feather<>きりさん
0819<>Plus_9<>ぷらすさん
0820<>kirakirapikari<>ひかりさん
0823<>hinokioke<>ヒノキオケさん
0824<>tot_main<>琴子さん
0824<>kureha<>くれはさん
0826<>horioka<>堀さん
0830<>shidamirai0510<>L♪さん
0902<>cckp92<>キュゥ。のお嬢
0906<>Nekomimi<>みかげさん
0907<>supistar<>すぴにゃん
0909<>jmworks<>
0911<>sunadori<>スナドリ先生
0917<>chcbigz<>てるはさん
0920<>HotR<>ほとりー
0921<>Toyolina<>とよりなさん
1003<>mimizi<>ひらっち
1003<>maybowjing<>めいぼうじん
1005<>EkitaiT<>えきたいちっそー！
1006<>mi_o_n<>ミオン
1007<>jyamil<>じゃみるさん
1007<>ayui<>ジェニ子さん
1008<>sabl<>黄色い人
1010<>Indigo831<>いんでぃごさん
1010<>tatsu<>たつさん
1011<>Meru_Kashi<>Meruさん
1012<>ch3cooh<>酢酸
1012<>kit111<>汐留さん
1014<>tanigon<>たにごんさん
1016<>pleinair<>nagyさん
1016<>aquapple<>
1021<>phen1x<>ふぇにさん
1022<>sayn0<>さいのん
1022<>kagamiuta<>かがみん
1023<>kuma_ryu<>くまー
1024<>keika_<>けーかおねーちゃん
1026<>msya3<>まさくらさん
1027<>mizmanju<>めるるん
1101<>daiend<>たっぱー！
1101<>yuko970023<>ゆーこさん
1101<>ariela<>悠希さん
1107<>zero_zaki_<>ぜろにゃん
1107<>Tak_or_Maria<>豊葉たくまさん
1108<>tencube<>せんさん
1113<>Nozomun<>のぞっにゃんにゃん♪
1115<>crescentsky<>ｶﾞｯ！くうとさん
1115<>TEtra11<>てとでらさん<>
1117<>moyu<>もゆさん
1117<>platoronical<>こまえさん
1121<>ombran<>だいおー
1127<>vespaxz<>きんぎょさん
1130<>enolab<>依野さん
1204<>mutsumi623<>
1206<>y_kida<>にゃ。にゃ。木田にゃ。
1207<>itati0<>いたちいたちー。
1207<>adeton<>あでとんさん
1207<>neeroocus<>ろんさん
1210<>tyoro<>ちょろちょろー。
1211<>feinyao<>ふぇいさん
1212<>to_fuya<>とーふやさん
1212<>c0c0xxx<>コキュさん
1214<>ukstudio<>ゆーけーさん
1218<>ta_ku_mi<>拓海さん
1219<>emakko<>まーちゃん
1220<>ritsuca<>りつかさん
1223<>talet<>タレさん
1228<>fullmoon_k<>みゅーんたん
1230<>maoron<>まおろんさん
1230<>Maglaw<>まぐろーさん
