normal<>-<>【宣伝定期】各種個別トレ検索支援サイトをざくっとつくったよ。 / http://bit.ly/1foScOx #helloproject #morningmusume14 #berryz #c_ute #smileage #juicejuice #hpkenshu
normal<>-<>【拡散希望】ハロプロ各種個別トレ検索支援サイト。 / http://bit.ly/1foScOx #helloproject #morningmusume14 #berryz #c_ute #smileage #juicejuice #hpkenshu
normal<>-<>【宣伝定期】娘。通常版トレカ。笑顔：道鞘鈴飯小を各1枚、工を各2枚、生を3枚、君の：道飯佐小を各1枚、鈴工を各2枚なら出せるので声かけどうぞ。基本的には交換しましょー。コンプ済みなので出来るだけ柔軟に対応するますー。 #morningmusume14 #morningmusume
normal<>-<>【拡散/緩募】3/2娘。大阪個別握手券トレードしてくれる方募集中です。出せるぶんすべてコチラであげてあります。 http://bit.ly/1i95sJc #morningmusume14 #morningmusume
normal<>-<>【拡散/緩募】3/2娘。大阪個別。【出】1部鈴木、2部佐藤、4部佐藤。【求】部問わず生田。 / 買い取り希望の方もどぞん。 http://bit.ly/1i95sJc #morningmusume14 #morningmusume
normal<>-<>【拡散/緩募】3/2娘。大阪個別。【求】お手元にある余りそうな生田さん何部でも買い取らせてください。無限回収モード入ります。トレードなら手持ちは  http://bit.ly/1i95sJc にまとめてます。 #morningmusume14 #morningmusume
normal<>-<>【拡散/緩募】【出】笑顔：小田サインポスター1枚。さくらん2枚あるんでだれか片方変えてくんろ。生田さん出してくれるなら2枚とも引き取られてもいいよ（笑  #morningmusume14 #morningmusume
normal<>-<>【bot】2月のぱんだずげーんば！「2/2モ。即売大阪」「2/16ハロコン大阪」「2/23モ。FCイベ愛知」
normal<>-<>【bot】3月のぱんだずげーんば！「3/1モ。リリイベ大阪(予定)」「3/2モ。個別大阪」[3/9生タマゴ大阪]「3/20生吉東京（予定）」「3/21モ。盛岡(予定)」「3/22モ。仙台」
normal<>-<>【bot】4月のぱんだずげーんば！「4/12ス兵庫」「4/19モ。鹿児島」「4/20モ。福岡」
normal<>-<>【bot】5月のぱんだずげーんば！「5/17モ。大阪(予定)」「5/18モ。大阪(予定)」
normal<>-<>【bot】|||9|‘_ゝ‘)ﾉ＜へい。あすくえふえむー。 http://ask.fm/itigoppo
normal<>-<>【拡散希望】ハロプロ各種個別トレ検索支援サイト。 / http://bit.ly/1foScOx #helloproject #morningmusume14 #berryz #c_ute #smileage #juicejuice #hpkenshu
normal<>-<>【宣伝定期】娘。通常版トレカ。笑顔：道鞘鈴飯小を各1枚、工を各2枚、生を3枚、君の：道飯佐小を各1枚、鈴工を各2枚なら出せるので声かけどうぞ。基本的には交換しましょー。コンプ済みなので出来るだけ柔軟に対応するますー。 #morningmusume14 #morningmusume
normal<>-<>【拡散/緩募】3/2娘。大阪個別握手券トレードしてくれる方募集中です。出せるぶんすべてコチラであげてあります。 http://bit.ly/1i95sJc #morningmusume14 #morningmusume
normal<>-<>【拡散/緩募】3/2娘。大阪個別。【出】1部鈴木、2部佐藤、4部佐藤。【求】部問わず生田。 / 買い取り希望の方もどぞん http://bit.ly/1i95sJc #morningmusume14 #morningmusume
normal<>-<>【拡散/緩募】3/2娘。大阪個別。【求】お手元にある余りそうな生田さん何部でも買い取らせてください。無限回収モード入ります。トレードなら手持ちは  http://bit.ly/1i95sJc にまとめてます。 #morningmusume14 #morningmusume
normal<>-<>【拡散/緩募】【出】笑顔：小田サインポスター1枚。さくらん2枚あるんでだれか片方変えてくんろ。生田さん出してくれるなら2枚とも引き取られてもいいよ（笑  #morningmusume14 #morningmusume
normal<>-<>【宣伝定期】3/2大阪個別の生田さんを買い取り無限回収するべ。するべ。
normal<>-<>【bot】OG：吉、'14：生、ベキ：ほんとに推しかねと言われるときっと不在、ス：中、J=J：崎、研：稲。よっちぃなら俺の嫁。そうなると生田君はきっと愛人。
normal<>-<>【bot】現場優先度はモ。＞吉＞ス＞研＞J=J＞＞＞＞＞ベキ。まぁOG呼ぶの遅いから大体ハロ内でどっか予定入れちゃってるけどね(´・д・)
normal//<>-<>【bot】最近現場ではじめまして！って言ったら「見たことはあります！」ってぶっこまれること増えましてね、、、（遠い目）おかしいな＜重要＞ワタシイツモイナイヨ。＜/重要＞
normal//<>-<>【bot】「握手会 行くと生田に ぷぎゃーされる」にゃろうバカにすんなっ(｀；ω；)
normal<>-<>【bot】平日19時すぎるまでは仕事中につきbotモードなので＠対応はのんびりおまちあれ。どうしてもー。ならDMで。
normal<>-<>【bot】|||9|‘_ゝ‘)ﾉ＜ちちんぷいぷい魔法にかーかれっ。
normal<>-<>【bot】|||9|‘_ゝ‘)ﾉ＜あなたの心にホールインワンっ！、、、とはどこいった？
normal<>-<>【bot】（０´〜`）ﾉ＜せぇーのーでーかーんぱーいっ。
normal<>-<>【bot】（０´〜`）ﾉ＜どすーん。
normal<>-<>【bot】（ ´ⅴ`）ﾉ＜たんたんたんたーん♪
normal<>-<>【bot】（ ´ⅴ`）ﾉ＜ちゃっきりちゃっきりちゃっきりなー！
normal<>-<>【bot】（０´〜`）ﾉ＜かっけー。
normal<>-<>【bot】（０´〜`）ﾉ＜そぉとぉ。
normal<>-<>【bot】シャイバタ今在庫1枚かな？あげるよ。誰かもろてか。
normal<>-<>【bot】目覚ましの「|||9|‘_ゝ‘)＜おはよーえりだよー。」が可愛すぎて毎朝ハゲそう。
normal<>-<>【bot】娘。さんのシングル各種在庫腐るほどあるので貰ってやってもいいかなって人連絡ださい。
event_day<>0914<>【bot】モーニング娘。誕生日。【中澤、石黒、飯田、安倍、福田】('97/09/14)
event_day<>0914<>【bot】モーニング娘。誕生っ。丸までいります。('97/09/14)
event_day<>0914<>【bot】モーニング娘。誕生っ。いろいろ付いてくる、盛沢山、おトク感!('97/09/14)
event_day<>1103<>【bot】愛の種発売日。あいのたねをまきちらしーたーいー。('97/11/03)
event_day<>1130<>【bot】完売おめでとうございます！の日。('97/11/30)
event_day<>0126<>【bot】ハロプロ前身ハローが誕生した日だわいよー！('98/01/26)
event_day<>0128<>【bot】モーニング娘。メジャーデビュー日だーよー！('98/01/28)
event_day<>0128<>【bot】モーコー発売日。モーニングコーヒーのもーーーよー！なーっちとーーーーーーーーー！('98/01/28)
event_day<>0503<>【bot】2期加入日。【中澤、石黒、飯田、安倍、福田、保田、矢口、市井】('98/05/03)
event_day<>0527<>【bot】サマナイ発売日。こころのなかがよまれそぉーーーーーーー！('98/05/27)
event_day<>0909<>【bot】DHOM発売日。ねぇわらって？('98/09/09)
event_day<>1018<>【bot】タンポポ結成日。('98/10/18)
event_day<>0210<>【bot】メモ青発売日。でもさいごまでよんでーよーねー！('99/02/10)
event_day<>0401<>【bot】ハローからハロプロへ。('99/04/01)
event_day<>0418<>【bot】さよなら明日香。【中澤、石黒、飯田、安倍、保田、矢口、市井】('99/04/18)
event_day<>0512<>【bot】光線発売日。えんどれすさまー！('99/05/12)
event_day<>0714<>【bot】ふるさと発売日。なーみーだーとまらなくてもー。('99/07/14)
event_day<>0822<>【bot】3期加入日。【中澤、石黒、飯田、安倍、保田、矢口、市井、後藤】('99/08/22)
event_day<>0909<>【bot】ラブマ発売日。らぶまっしぃん。('99/09/09)
event_day<>1003<>【bot】プッチモニ結成日。('99/10/03)
event_day<>0107<>【bot】さよならあやっぺ。【中澤、飯田、安倍、保田、矢口、市井、後藤】('00/01/07)
event_day<>0126<>【bot】恋ダン発売日。せくすぃびーむ！('00/01/26)
event_day<>0416<>【bot】4期加入日。【中澤、飯田、安倍、保田、矢口、市井、後藤、石川、吉澤、辻、加護】('00/04/16)
event_day<>0517<>【bot】ハピサマ発売日。あちゃー！('00/05/17)
event_day<>0625<>【bot】（実質）ミニモニ。結成日。('99/06/25)
event_day<>0521<>【bot】さよならかーさん。【中澤、飯田、安倍、保田、矢口、後藤、石川、吉澤、辻、加護】('00/05/21)
event_day<>0906<>【bot】I WISH発売日。くだらーなーくーてー、わらえる、めーるー。('00/09/06)
event_day<>1213<>【bot】恋レボ発売日。ほいっ！('00/12/13)
event_day<>0415<>【bot】さよならねーさん。【飯田、安倍、保田、矢口、後藤、石川、吉澤、辻、加護】('01/04/15)
event_day<>0725<>【bot】ピース発売日。あーいとしいあのひとっ。おひるごはーんなにたべたんだろ？('01/07/25)
event_day<>0826<>【bot】5期加入日。【飯田、安倍、保田、矢口、後藤、石川、吉澤、辻、加護、高橋、紺野、小川、新垣】('01/08/26)
event_day<>1031<>【bot】ミスムン発売日。こころがいたむというのかい？('01/10/31)
event_day<>0220<>【bot】ウィアラ発売日。しっあわせになりーたいっ！('02/02/20)
event_day<>0724<>【bot】DIN発売日。キスがしたいがにんげんのほんのー！('02/07/24)
event_day<>0923<>【bot】さよならごまたん。【飯田、安倍、保田、矢口、石川、吉澤、辻、加護、高橋、紺野、小川、新垣】('02/09/23)
event_day<>1030<>【bot】ここいる発売日。いまここでさけーぶぜー！('02/10/30)
event_day<>0119<>【bot】6期加入日。【飯田、安倍、保田、矢口、石川、吉澤、辻、加護、高橋、紺野、小川、新垣、藤本、亀井、道重、田中】('03/01/19)
event_day<>0219<>【bot】ひょっこり発売日。うんうんうんわらっちゃお！('03/02/19)
event_day<>0423<>【bot】あずふぉー発売日。いっしょにいるだけでしあわせだった。('02/04/23)
event_day<>0505<>【bot】さよならケメコ。【飯田、安倍、矢口、石川、吉澤、辻、加護、高橋、紺野、小川、新垣、藤本、亀井、道重、田中】('03/05/05)
event_day<>1106<>【bot】ごーがーる発売日。あっぱれあっぱれきすしてがっつ！('03/11/06)
event_day<>0121<>【bot】愛あら発売日。そうさみなさんいっつおーらーい！('04/01/21)
event_day<>0125<>【bot】さよならなっち。【飯田、矢口、石川、吉澤、辻、加護、高橋、紺野、小川、新垣、藤本、亀井、道重、田中】('04/01/25)
event_day<>0512<>【bot】浪漫発売日。みーらいにーたすきわたすー。('04/05/12)
event_day<>0722<>【bot】かしまし発売日。まずはーいしかーりかっ！('04/07/22)
event_day<>0801<>【bot】さよならあいのの。【飯田、矢口、石川、吉澤、高橋、紺野、小川、新垣、藤本、亀井、道重、田中】('04/08/01)
event_day<>1103<>【bot】なみとま発売日。あなたーやさしすぎるかーらー。('04/11/03)
event_day<>0119<>【bot】マンパ発売日。ものごっつぃ！('05/01/19)
event_day<>0130<>【bot】さよならかおりん。【矢口、石川、吉澤、高橋、紺野、小川、新垣、藤本、亀井、道重、田中】('05/01/30)
event_day<>0414<>【bot】消えた知。【石川、吉澤、高橋、紺野、小川、新垣、藤本、亀井、道重、田中】('05/04/14)
event_day<>0427<>【bot】大阪恋の歌発売日。なんでとおくにいってもーたん！？('05/04/27)
event_day<>0501<>【bot】7期加入日。【石川、吉澤、高橋、紺野、小川、新垣、藤本、亀井、道重、田中、久住】('05/05/01)
event_day<>0507<>【bot】さよならチャーミー。【吉澤、高橋、紺野、小川、新垣、藤本、亀井、道重、田中、久住】('05/05/07)
event_day<>0727<>【bot】色じれ発売日。はやく、、、あいたいの。('05/07/27)
event_day<>1109<>【bot】直感2発売日。まったくそのとーり。('05/11/09)
event_day<>0315<>【bot】セクボ発売日。せくしーうぇうぇ。('06/03/15)
event_day<>0621<>【bot】あんびりしゃす発売日。だきしめてねーさみしいそのときーだけはー。('06/06/21)
event_day<>0723<>【bot】さよならこんこん。【吉澤、高橋、小川、新垣、藤本、亀井、道重、田中、久住】('06/07/23)
event_day<>0827<>【bot】さよならまこ。【吉澤、高橋、新垣、藤本、亀井、道重、田中、久住】('06/08/27)
event_day<>1108<>【bot】歩いてる発売日。さゆいてるー（(('06/11/08)
event_day<>1210<>【bot】8期加入日。【吉澤、高橋、新垣、藤本、亀井、道重、田中、久住、光井】('06/12/10)
event_day<>0214<>【bot】えがぬー発売日。あなただけのわたしだから。('07/02/14)
event_day<>0315<>【bot】8.5期加入日。【吉澤、高橋、新垣、藤本、亀井、道重、田中、久住、光井、JJ、LL】('07/03/15)
event_day<>0425<>【bot】悲トワ発売日。なんかなんかのーぼせてーたー。('07/04/25)
event_day<>0506<>【bot】さよならよっちぃ。【高橋、新垣、藤本、亀井、道重、田中、久住、光井、JJ、LL】('07/05/06)
event_day<>0601<>【bot】消えた帝。【高橋、新垣、亀井、道重、田中、久住、光井、JJ、LL】('07/06/01)
event_day<>0725<>【bot】幸あれ発売日。ばかねばかねばかね。('07/07/25)
event_day<>1121<>【bot】みかん発売日。じんせいーはいーっかいっ！('07/11/21)
event_day<>0426<>【bot】りぞなんと発売日。くらいくらいどんくらい。('08/04/26)
event_day<>0924<>【bot】ペパー警部発売日。ぺっぱけいぶよ。('08/09/24)
event_day<>0218<>【bot】泣いちゃうかも発売日。かもっかもかもかも。('09/02/18)
event_day<>0129<>【bot】えがきみ/WiL/きみかわ発売日。えっがおーのきみーはたいよーさ。('14/01/29)